# JRE version: Java(TM) SE Runtime Environment (8.0_171-b11) (build 1.8.0_171-b11)
# Java VM: Java HotSpot(TM) 64-Bit Server VM (25.171-b11 mixed mode windows-amd64 compressed oops)
Heap:
 PSYoungGen      total 37376K, used 19206K [0x00000000d6400000, 0x00000000d9d80000, 0x0000000100000000)
  eden space 32256K, 57% used [0x00000000d6400000,0x00000000d7639898,0x00000000d8380000)
  from space 5120K, 10% used [0x00000000d8400000,0x00000000d8488040,0x00000000d8900000)
  to   space 13312K, 0% used [0x00000000d9080000,0x00000000d9080000,0x00000000d9d80000)
 ParOldGen       total 51712K, used 13101K [0x0000000082c00000, 0x0000000085e80000, 0x00000000d6400000)
  object space 51712K, 25% used [0x0000000082c00000,0x00000000838cb7a8,0x0000000085e80000)
 Metaspace       used 22535K, capacity 22898K, committed 23216K, reserved 1069056K
  class space    used 2695K, capacity 2815K, committed 2816K, reserved 1048576K
GC Heap History (10 events):
Event: 31.813 GC heap before
{Heap before GC invocations=2 (full 0):
 PSYoungGen      total 37888K, used 37888K [0x00000000d6400000, 0x00000000d8e00000, 0x0000000100000000)
  eden space 32768K, 100% used [0x00000000d6400000,0x00000000d8400000,0x00000000d8400000)
  from space 5120K, 100% used [0x00000000d8400000,0x00000000d8900000,0x00000000d8900000)
  to   space 5120K, 0% used [0x00000000d8900000,0x00000000d8900000,0x00000000d8e00000)
 ParOldGen       total 86016K, used 3232K [0x0000000082c00000, 0x0000000088000000, 0x00000000d6400000)
  object space 86016K, 3% used [0x0000000082c00000,0x0000000082f281c0,0x0000000088000000)
 Metaspace       used 19269K, capacity 19542K, committed 19968K, reserved 1067008K
  class space    used 2396K, capacity 2485K, committed 2560K, reserved 1048576K
Event: 31.825 GC heap after
Heap after GC invocations=2 (full 0):
 PSYoungGen      total 37888K, used 5107K [0x00000000d6400000, 0x00000000d8e00000, 0x0000000100000000)
  eden space 32768K, 0% used [0x00000000d6400000,0x00000000d6400000,0x00000000d8400000)
  from space 5120K, 99% used [0x00000000d8900000,0x00000000d8dfcf10,0x00000000d8e00000)
  to   space 5120K, 0% used [0x00000000d8400000,0x00000000d8400000,0x00000000d8900000)
 ParOldGen       total 86016K, used 8046K [0x0000000082c00000, 0x0000000088000000, 0x00000000d6400000)
  object space 86016K, 9% used [0x0000000082c00000,0x00000000833db868,0x0000000088000000)
 Metaspace       used 19269K, capacity 19542K, committed 19968K, reserved 1067008K
  class space    used 2396K, capacity 2485K, committed 2560K, reserved 1048576K
}
Event: 33.961 GC heap before
{Heap before GC invocations=3 (full 0):
 PSYoungGen      total 37888K, used 11161K [0x00000000d6400000, 0x00000000d8e00000, 0x0000000100000000)
  eden space 32768K, 18% used [0x00000000d6400000,0x00000000d69e9558,0x00000000d8400000)
  from space 5120K, 99% used [0x00000000d8900000,0x00000000d8dfcf10,0x00000000d8e00000)
  to   space 5120K, 0% used [0x00000000d8400000,0x00000000d8400000,0x00000000d8900000)
 ParOldGen       total 86016K, used 8046K [0x0000000082c00000, 0x0000000088000000, 0x00000000d6400000)
  object space 86016K, 9% used [0x0000000082c00000,0x00000000833db868,0x0000000088000000)
 Metaspace       used 20772K, capacity 21046K, committed 21296K, reserved 1069056K
  class space    used 2535K, capacity 2645K, committed 2688K, reserved 1048576K
Event: 33.981 GC heap after
Heap after GC invocations=3 (full 0):
 PSYoungGen      total 37888K, used 5091K [0x00000000d6400000, 0x00000000d8e00000, 0x0000000100000000)
  eden space 32768K, 0% used [0x00000000d6400000,0x00000000d6400000,0x00000000d8400000)
  from space 5120K, 99% used [0x00000000d8400000,0x00000000d88f8ee0,0x00000000d8900000)
  to   space 5120K, 0% used [0x00000000d8900000,0x00000000d8900000,0x00000000d8e00000)
 ParOldGen       total 86016K, used 10082K [0x0000000082c00000, 0x0000000088000000, 0x00000000d6400000)
  object space 86016K, 11% used [0x0000000082c00000,0x00000000835d8940,0x0000000088000000)
 Metaspace       used 20772K, capacity 21046K, committed 21296K, reserved 1069056K
  class space    used 2535K, capacity 2645K, committed 2688K, reserved 1048576K
}
Event: 33.981 GC heap before
{Heap before GC invocations=4 (full 1):
 PSYoungGen      total 37888K, used 5091K [0x00000000d6400000, 0x00000000d8e00000, 0x0000000100000000)
  eden space 32768K, 0% used [0x00000000d6400000,0x00000000d6400000,0x00000000d8400000)
  from space 5120K, 99% used [0x00000000d8400000,0x00000000d88f8ee0,0x00000000d8900000)
  to   space 5120K, 0% used [0x00000000d8900000,0x00000000d8900000,0x00000000d8e00000)
 ParOldGen       total 86016K, used 10082K [0x0000000082c00000, 0x0000000088000000, 0x00000000d6400000)
  object space 86016K, 11% used [0x0000000082c00000,0x00000000835d8940,0x0000000088000000)
 Metaspace       used 20772K, capacity 21046K, committed 21296K, reserved 1069056K
  class space    used 2535K, capacity 2645K, committed 2688K, reserved 1048576K
Event: 34.102 GC heap after
Heap after GC invocations=4 (full 1):
 PSYoungGen      total 37888K, used 0K [0x00000000d6400000, 0x00000000d8e00000, 0x0000000100000000)
  eden space 32768K, 0% used [0x00000000d6400000,0x00000000d6400000,0x00000000d8400000)
  from space 5120K, 0% used [0x00000000d8400000,0x00000000d8400000,0x00000000d8900000)
  to   space 5120K, 0% used [0x00000000d8900000,0x00000000d8900000,0x00000000d8e00000)
 ParOldGen       total 51712K, used 13085K [0x0000000082c00000, 0x0000000085e80000, 0x00000000d6400000)
  object space 51712K, 25% used [0x0000000082c00000,0x00000000838c77a8,0x0000000085e80000)
 Metaspace       used 20772K, capacity 21046K, committed 21296K, reserved 1069056K
  class space    used 2535K, capacity 2645K, committed 2688K, reserved 1048576K
}
Event: 39614.187 GC heap before
{Heap before GC invocations=5 (full 1):
 PSYoungGen      total 37888K, used 32768K [0x00000000d6400000, 0x00000000d8e00000, 0x0000000100000000)
  eden space 32768K, 100% used [0x00000000d6400000,0x00000000d8400000,0x00000000d8400000)
  from space 5120K, 0% used [0x00000000d8400000,0x00000000d8400000,0x00000000d8900000)
  to   space 5120K, 0% used [0x00000000d8900000,0x00000000d8900000,0x00000000d8e00000)
 ParOldGen       total 51712K, used 13085K [0x0000000082c00000, 0x0000000085e80000, 0x00000000d6400000)
  object space 51712K, 25% used [0x0000000082c00000,0x00000000838c77a8,0x0000000085e80000)
 Metaspace       used 22486K, capacity 22828K, committed 23216K, reserved 1069056K
  class space    used 2691K, capacity 2812K, committed 2816K, reserved 1048576K
Event: 39614.253 GC heap after
Heap after GC invocations=5 (full 1):
 PSYoungGen      total 37888K, used 1430K [0x00000000d6400000, 0x00000000d8e00000, 0x0000000100000000)
  eden space 32768K, 0% used [0x00000000d6400000,0x00000000d6400000,0x00000000d8400000)
  from space 5120K, 27% used [0x00000000d8900000,0x00000000d8a65898,0x00000000d8e00000)
  to   space 5120K, 0% used [0x00000000d8400000,0x00000000d8400000,0x00000000d8900000)
 ParOldGen       total 51712K, used 13093K [0x0000000082c00000, 0x0000000085e80000, 0x00000000d6400000)
  object space 51712K, 25% used [0x0000000082c00000,0x00000000838c97a8,0x0000000085e80000)
 Metaspace       used 22486K, capacity 22828K, committed 23216K, reserved 1069056K
  class space    used 2691K, capacity 2812K, committed 2816K, reserved 1048576K
}
Event: 156728.315 GC heap before
{Heap before GC invocations=6 (full 1):
 PSYoungGen      total 37888K, used 34198K [0x00000000d6400000, 0x00000000d8e00000, 0x0000000100000000)
  eden space 32768K, 100% used [0x00000000d6400000,0x00000000d8400000,0x00000000d8400000)
  from space 5120K, 27% used [0x00000000d8900000,0x00000000d8a65898,0x00000000d8e00000)
  to   space 5120K, 0% used [0x00000000d8400000,0x00000000d8400000,0x00000000d8900000)
 ParOldGen       total 51712K, used 13093K [0x0000000082c00000, 0x0000000085e80000, 0x00000000d6400000)
  object space 51712K, 25% used [0x0000000082c00000,0x00000000838c97a8,0x0000000085e80000)
 Metaspace       used 22504K, capacity 22828K, committed 23216K, reserved 1069056K
  class space    used 2691K, capacity 2812K, committed 2816K, reserved 1048576K
Event: 156728.338 GC heap after
Heap after GC invocations=6 (full 1):
 PSYoungGen      total 37376K, used 544K [0x00000000d6400000, 0x00000000d9d80000, 0x0000000100000000)
  eden space 32256K, 0% used [0x00000000d6400000,0x00000000d6400000,0x00000000d8380000)
  from space 5120K, 10% used [0x00000000d8400000,0x00000000d8488040,0x00000000d8900000)
  to   space 13312K, 0% used [0x00000000d9080000,0x00000000d9080000,0x00000000d9d80000)
 ParOldGen       total 51712K, used 13101K [0x0000000082c00000, 0x0000000085e80000, 0x00000000d6400000)
  object space 51712K, 25% used [0x0000000082c00000,0x00000000838cb7a8,0x0000000085e80000)
 Metaspace       used 22504K, capacity 22828K, committed 23216K, reserved 1069056K
  class space    used 2691K, capacity 2812K, committed 2816K, reserved 1048576K
}

