# JRE version: Java(TM) SE Runtime Environment (8.0_171-b11) (build 1.8.0_171-b11)
# Java VM: Java HotSpot(TM) 64-Bit Server VM (25.171-b11 mixed mode windows-amd64 compressed oops)
Heap:
 PSYoungGen      total 37888K, used 17350K [0x00000000d6400000, 0x00000000d8e00000, 0x0000000100000000)
  eden space 32768K, 52% used [0x00000000d6400000,0x00000000d74f19f8,0x00000000d8400000)
  from space 5120K, 0% used [0x00000000d8900000,0x00000000d8900000,0x00000000d8e00000)
  to   space 5120K, 0% used [0x00000000d8400000,0x00000000d8400000,0x00000000d8900000)
 ParOldGen       total 81920K, used 13046K [0x0000000082c00000, 0x0000000087c00000, 0x00000000d6400000)
  object space 81920K, 15% used [0x0000000082c00000,0x00000000838bdb88,0x0000000087c00000)
 Metaspace       used 22204K, capacity 22508K, committed 22960K, reserved 1069056K
  class space    used 2654K, capacity 2776K, committed 2816K, reserved 1048576K
GC Heap History (6 events):
Event: 6.085 GC heap before
{Heap before GC invocations=1 (full 0):
 PSYoungGen      total 37888K, used 32768K [0x00000000d6400000, 0x00000000d8e00000, 0x0000000100000000)
  eden space 32768K, 100% used [0x00000000d6400000,0x00000000d8400000,0x00000000d8400000)
  from space 5120K, 0% used [0x00000000d8900000,0x00000000d8900000,0x00000000d8e00000)
  to   space 5120K, 0% used [0x00000000d8400000,0x00000000d8400000,0x00000000d8900000)
 ParOldGen       total 86016K, used 0K [0x0000000082c00000, 0x0000000088000000, 0x00000000d6400000)
  object space 86016K, 0% used [0x0000000082c00000,0x0000000082c00000,0x0000000088000000)
 Metaspace       used 14943K, capacity 15212K, committed 15360K, reserved 1062912K
  class space    used 1942K, capacity 2032K, committed 2048K, reserved 1048576K
Event: 6.105 GC heap after
Heap after GC invocations=1 (full 0):
 PSYoungGen      total 37888K, used 5104K [0x00000000d6400000, 0x00000000d8e00000, 0x0000000100000000)
  eden space 32768K, 0% used [0x00000000d6400000,0x00000000d6400000,0x00000000d8400000)
  from space 5120K, 99% used [0x00000000d8400000,0x00000000d88fc0d0,0x00000000d8900000)
  to   space 5120K, 0% used [0x00000000d8900000,0x00000000d8900000,0x00000000d8e00000)
 ParOldGen       total 86016K, used 1910K [0x0000000082c00000, 0x0000000088000000, 0x00000000d6400000)
  object space 86016K, 2% used [0x0000000082c00000,0x0000000082dddab8,0x0000000088000000)
 Metaspace       used 14943K, capacity 15212K, committed 15360K, reserved 1062912K
  class space    used 1942K, capacity 2032K, committed 2048K, reserved 1048576K
}
Event: 25.244 GC heap before
{Heap before GC invocations=2 (full 0):
 PSYoungGen      total 37888K, used 27995K [0x00000000d6400000, 0x00000000d8e00000, 0x0000000100000000)
  eden space 32768K, 69% used [0x00000000d6400000,0x00000000d7a5ac20,0x00000000d8400000)
  from space 5120K, 99% used [0x00000000d8400000,0x00000000d88fc0d0,0x00000000d8900000)
  to   space 5120K, 0% used [0x00000000d8900000,0x00000000d8900000,0x00000000d8e00000)
 ParOldGen       total 86016K, used 1910K [0x0000000082c00000, 0x0000000088000000, 0x00000000d6400000)
  object space 86016K, 2% used [0x0000000082c00000,0x0000000082dddab8,0x0000000088000000)
 Metaspace       used 20719K, capacity 20998K, committed 21296K, reserved 1069056K
  class space    used 2508K, capacity 2613K, committed 2688K, reserved 1048576K
Event: 25.268 GC heap after
Heap after GC invocations=2 (full 0):
 PSYoungGen      total 37888K, used 5088K [0x00000000d6400000, 0x00000000d8e00000, 0x0000000100000000)
  eden space 32768K, 0% used [0x00000000d6400000,0x00000000d6400000,0x00000000d8400000)
  from space 5120K, 99% used [0x00000000d8900000,0x00000000d8df8110,0x00000000d8e00000)
  to   space 5120K, 0% used [0x00000000d8400000,0x00000000d8400000,0x00000000d8900000)
 ParOldGen       total 86016K, used 8819K [0x0000000082c00000, 0x0000000088000000, 0x00000000d6400000)
  object space 86016K, 10% used [0x0000000082c00000,0x000000008349cc68,0x0000000088000000)
 Metaspace       used 20719K, capacity 20998K, committed 21296K, reserved 1069056K
  class space    used 2508K, capacity 2613K, committed 2688K, reserved 1048576K
}
Event: 25.268 GC heap before
{Heap before GC invocations=3 (full 1):
 PSYoungGen      total 37888K, used 5088K [0x00000000d6400000, 0x00000000d8e00000, 0x0000000100000000)
  eden space 32768K, 0% used [0x00000000d6400000,0x00000000d6400000,0x00000000d8400000)
  from space 5120K, 99% used [0x00000000d8900000,0x00000000d8df8110,0x00000000d8e00000)
  to   space 5120K, 0% used [0x00000000d8400000,0x00000000d8400000,0x00000000d8900000)
 ParOldGen       total 86016K, used 8819K [0x0000000082c00000, 0x0000000088000000, 0x00000000d6400000)
  object space 86016K, 10% used [0x0000000082c00000,0x000000008349cc68,0x0000000088000000)
 Metaspace       used 20719K, capacity 20998K, committed 21296K, reserved 1069056K
  class space    used 2508K, capacity 2613K, committed 2688K, reserved 1048576K
Event: 25.553 GC heap after
Heap after GC invocations=3 (full 1):
 PSYoungGen      total 37888K, used 0K [0x00000000d6400000, 0x00000000d8e00000, 0x0000000100000000)
  eden space 32768K, 0% used [0x00000000d6400000,0x00000000d6400000,0x00000000d8400000)
  from space 5120K, 0% used [0x00000000d8900000,0x00000000d8900000,0x00000000d8e00000)
  to   space 5120K, 0% used [0x00000000d8400000,0x00000000d8400000,0x00000000d8900000)
 ParOldGen       total 81920K, used 13046K [0x0000000082c00000, 0x0000000087c00000, 0x00000000d6400000)
  object space 81920K, 15% used [0x0000000082c00000,0x00000000838bdb88,0x0000000087c00000)
 Metaspace       used 20719K, capacity 20998K, committed 21296K, reserved 1069056K
  class space    used 2508K, capacity 2613K, committed 2688K, reserved 1048576K
}

